<?xml version="1.0" encoding="UTF-8"?>
<!-- Generated by org.testng.reporters.JUnitReportReporter -->
<testsuite hostname="DESKTOP-KOCISPH" failures="0" tests="1" name="Sample.Sample1" time="0.022" errors="0" timestamp="2022-12-20T15:44:07 IST" skipped="0">
  <testcase classname="Sample.Sample1" name="main" time="0.022"/>
</testsuite> <!-- Sample.Sample1 -->
